[8984:5152:0810/180538.985:WARNING:chrome_main_delegate.cc(668)] This is Chrome version 121.0.6167.140 (not a warning)
[8984:5152:0810/180539.190:INFO:policy_logger.cc(144)] :components\enterprise\browser\controller\chrome_browser_cloud_management_controller.cc(168) Starting CBCM Controller Initialization
[8984:5152:0810/180539.190:INFO:policy_logger.cc(144)] :components\enterprise\browser\controller\chrome_browser_cloud_management_controller.cc(196) No machine level policy manager exists.
[8984:5152:0810/180540.614:INFO:CONSOLE(0)] "Third-party cookie will be blocked. Learn more in the Issues tab.", source: https://support.faceit.com/hc/en-us/requests/new (0)
[8984:5152:0810/180540.614:INFO:CONSOLE(0)] "Third-party cookie will be blocked. Learn more in the Issues tab.", source: https://support.faceit.com/hc/en-us/requests/new (0)
[8984:5152:0810/180540.709:INFO:CONSOLE(167)] "undefined", source: https://support.faceit.com/hc/theming_assets/942341/522475/script.js?digest=21077476537756 (167)
[8984:5152:0810/180542.889:INFO:CONSOLE(314)] "Unrecognized feature: 'attribution-reporting'.", source: https://connect.facebook.net/en_US/fbevents.js (314)
[8984:5152:0810/180542.939:INFO:CONSOLE(126)] "Unrecognized feature: 'browsing-topics'.", source: https://connect.facebook.net/signals/config/760967900616418?v=2.9.223&r=stable&domain=support.faceit.com&hme=2e9ee56babe122798b967566f46100108daa710154b06378259c746cb66ac325&ex_m=83%2C143%2C124%2C18%2C117%2C58%2C40%2C118%2C64%2C57%2C131%2C72%2C13%2C82%2C26%2C112%2C103%2C62%2C65%2C111%2C128%2C91%2C133%2C7%2C3%2C4%2C6%2C5%2C2%2C73%2C81%2C134%2C208%2C155%2C52%2C213%2C210%2C211%2C45%2C170%2C25%2C61%2C217%2C216%2C158%2C28%2C51%2C8%2C54%2C77%2C78%2C79%2C84%2C107%2C27%2C24%2C110%2C106%2C105%2C125%2C63%2C127%2C126%2C41%2C108%2C50%2C100%2C12%2C130%2C37%2C199%2C201%2C165%2C21%2C22%2C23%2C15%2C16%2C36%2C33%2C34%2C68%2C74%2C76%2C89%2C116%2C119%2C38%2C90%2C19%2C17%2C94%2C59%2C31%2C121%2C120%2C122%2C113%2C20%2C30%2C49%2C88%2C129%2C29%2C180%2C151%2C86%2C109%2C67%2C98%2C44%2C39%2C96%2C97%2C102%2C48%2C14%2C104%2C95%2C55%2C43%2C46%2C0%2C80%2C132%2C1%2C101%2C11%2C99%2C257%2C197%2C141%2C183%2C176%2C9%2C47%2C75%2C53%2C123%2C56%2C93%2C71%2C70%2C42%2C114%2C69%2C66%2C60%2C92%2C85%2C35%2C115%2C32%2C87%2C10%2C135 (126)
[8984:5152:0810/180543.013:INFO:CONSOLE(0)] "Third-party cookie will be blocked. Learn more in the Issues tab.", source: https://support.faceit.com/hc/en-us/requests/new (0)
[8984:5152:0810/180543.013:INFO:CONSOLE(0)] "Third-party cookie will be blocked. Learn more in the Issues tab.", source: https://support.faceit.com/hc/en-us/requests/new (0)
[8984:5152:0810/180543.013:INFO:CONSOLE(0)] "Third-party cookie will be blocked. Learn more in the Issues tab.", source: https://support.faceit.com/hc/en-us/requests/new (0)
[8984:5152:0810/180543.013:INFO:CONSOLE(0)] "Third-party cookie will be blocked. Learn more in the Issues tab.", source: https://support.faceit.com/hc/en-us/requests/new (0)
[8984:5152:0810/180543.013:INFO:CONSOLE(0)] "Third-party cookie will be blocked. Learn more in the Issues tab.", source: https://support.faceit.com/hc/en-us/requests/new (0)
[8984:5152:0810/180543.029:INFO:CONSOLE(0)] "Third-party cookie will be blocked. Learn more in the Issues tab.", source: https://support.faceit.com/hc/en-us/requests/new (0)
[8984:5152:0810/180543.029:INFO:CONSOLE(0)] "Third-party cookie will be blocked. Learn more in the Issues tab.", source: https://support.faceit.com/hc/en-us/requests/new (0)
[8984:5152:0810/180543.042:INFO:CONSOLE(0)] "Third-party cookie will be blocked. Learn more in the Issues tab.", source: https://support.faceit.com/hc/en-us/requests/new (0)
[8984:5152:0810/180543.042:INFO:CONSOLE(0)] "Third-party cookie will be blocked. Learn more in the Issues tab.", source: https://support.faceit.com/hc/en-us/requests/new (0)
[8984:5152:0810/180543.057:INFO:CONSOLE(0)] "Third-party cookie will be blocked. Learn more in the Issues tab.", source: https://support.faceit.com/hc/en-us/requests/new (0)
[8984:5152:0810/180543.057:INFO:CONSOLE(0)] "Third-party cookie will be blocked. Learn more in the Issues tab.", source: https://support.faceit.com/hc/en-us/requests/new (0)
[8984:5152:0810/180543.078:INFO:CONSOLE(0)] "Third-party cookie will be blocked. Learn more in the Issues tab.", source: https://support.faceit.com/hc/en-us/requests/new (0)
[8984:5152:0810/180547.374:INFO:CONSOLE(0)] "Third-party cookie will be blocked. Learn more in the Issues tab.", source: https://support.faceit.com/hc/en-us/requests/new (0)
[8984:5152:0810/180549.660:WARNING:controller_impl.cc(1190)] Background download complete, client: 6, completion type: 0, file size:5154
[8984:5152:0810/180549.865:WARNING:controller_impl.cc(1190)] Background download complete, client: 6, completion type: 0, file size:45147
[8984:5152:0810/180550.002:WARNING:controller_impl.cc(1190)] Background download complete, client: 6, completion type: 0, file size:2200227
[8984:5152:0810/180550.396:WARNING:controller_impl.cc(1190)] Background download complete, client: 6, completion type: 0, file size:2747168
[8984:5152:0810/180557.202:INFO:CONSOLE(0)] "Third-party cookie will be blocked. Learn more in the Issues tab.", source: https://support.faceit.com/hc/en-us/requests/new (0)
[8984:5152:0810/180557.367:INFO:CONSOLE(0)] "Third-party cookie will be blocked. Learn more in the Issues tab.", source: https://support.faceit.com/hc/en-us/requests/new (0)
[8984:5152:0810/180558.325:INFO:CONSOLE(167)] "undefined", source: https://support.faceit.com/hc/theming_assets/942341/522475/script.js?digest=21077476537756 (167)
[8984:5152:0810/180558.617:INFO:CONSOLE(314)] "Unrecognized feature: 'attribution-reporting'.", source: https://connect.facebook.net/en_US/fbevents.js (314)
[8984:5152:0810/180558.638:INFO:CONSOLE(126)] "Unrecognized feature: 'browsing-topics'.", source: https://connect.facebook.net/signals/config/760967900616418?v=2.9.223&r=stable&domain=support.faceit.com&hme=2e9ee56babe122798b967566f46100108daa710154b06378259c746cb66ac325&ex_m=83%2C143%2C124%2C18%2C117%2C58%2C40%2C118%2C64%2C57%2C131%2C72%2C13%2C82%2C26%2C112%2C103%2C62%2C65%2C111%2C128%2C91%2C133%2C7%2C3%2C4%2C6%2C5%2C2%2C73%2C81%2C134%2C208%2C155%2C52%2C213%2C210%2C211%2C45%2C170%2C25%2C61%2C217%2C216%2C158%2C28%2C51%2C8%2C54%2C77%2C78%2C79%2C84%2C107%2C27%2C24%2C110%2C106%2C105%2C125%2C63%2C127%2C126%2C41%2C108%2C50%2C100%2C12%2C130%2C37%2C199%2C201%2C165%2C21%2C22%2C23%2C15%2C16%2C36%2C33%2C34%2C68%2C74%2C76%2C89%2C116%2C119%2C38%2C90%2C19%2C17%2C94%2C59%2C31%2C121%2C120%2C122%2C113%2C20%2C30%2C49%2C88%2C129%2C29%2C180%2C151%2C86%2C109%2C67%2C98%2C44%2C39%2C96%2C97%2C102%2C48%2C14%2C104%2C95%2C55%2C43%2C46%2C0%2C80%2C132%2C1%2C101%2C11%2C99%2C257%2C197%2C141%2C183%2C176%2C9%2C47%2C75%2C53%2C123%2C56%2C93%2C71%2C70%2C42%2C114%2C69%2C66%2C60%2C92%2C85%2C35%2C115%2C32%2C87%2C10%2C135 (126)
[8984:5152:0810/180558.694:INFO:CONSOLE(0)] "Third-party cookie will be blocked. Learn more in the Issues tab.", source: https://support.faceit.com/hc/en-us?return_to=%2Fhc%2Frequests (0)
[8984:5152:0810/180558.703:INFO:CONSOLE(0)] "Third-party cookie will be blocked. Learn more in the Issues tab.", source: https://support.faceit.com/hc/en-us?return_to=%2Fhc%2Frequests (0)
[8984:5152:0810/180558.811:INFO:CONSOLE(0)] "Third-party cookie will be blocked. Learn more in the Issues tab.", source: https://support.faceit.com/hc/en-us?return_to=%2Fhc%2Frequests (0)
[8984:5152:0810/180558.811:INFO:CONSOLE(0)] "Third-party cookie will be blocked. Learn more in the Issues tab.", source: https://support.faceit.com/hc/en-us?return_to=%2Fhc%2Frequests (0)
[8984:5152:0810/180558.811:INFO:CONSOLE(0)] "Third-party cookie will be blocked. Learn more in the Issues tab.", source: https://support.faceit.com/hc/en-us?return_to=%2Fhc%2Frequests (0)
[8984:5152:0810/180558.811:INFO:CONSOLE(0)] "Third-party cookie will be blocked. Learn more in the Issues tab.", source: https://support.faceit.com/hc/en-us?return_to=%2Fhc%2Frequests (0)
[8984:5152:0810/180558.811:INFO:CONSOLE(0)] "Third-party cookie will be blocked. Learn more in the Issues tab.", source: https://support.faceit.com/hc/en-us?return_to=%2Fhc%2Frequests (0)
[8984:5152:0810/180558.906:INFO:CONSOLE(0)] "Third-party cookie will be blocked. Learn more in the Issues tab.", source: https://support.faceit.com/hc/en-us?return_to=%2Fhc%2Frequests (0)
[8984:5152:0810/180558.906:INFO:CONSOLE(0)] "Third-party cookie will be blocked. Learn more in the Issues tab.", source: https://support.faceit.com/hc/en-us?return_to=%2Fhc%2Frequests (0)
[8984:5152:0810/180600.205:WARNING:pref_notifier_impl.cc(41)] Pref observer for media_router.cast_allow_all_ips found at shutdown.
